# JRE version: Java(TM) SE Runtime Environment (8.0_341-b10) (build 1.8.0_341-b10)
# Java VM: Java HotSpot(TM) 64-Bit Server VM (25.341-b10 mixed mode windows-amd64 compressed oops)
Heap:
 PSYoungGen      total 163840K, used 118844K [0x000000076e000000, 0x0000000778b00000, 0x00000007c0000000)
  eden space 152576K, 71% used [0x000000076e000000,0x0000000774b03d38,0x0000000777500000)
  from space 11264K, 82% used [0x0000000778000000,0x000000077890b4c0,0x0000000778b00000)
  to   space 11264K, 0% used [0x0000000777500000,0x0000000777500000,0x0000000778000000)
 ParOldGen       total 140288K, used 15226K [0x00000006ca000000, 0x00000006d2900000, 0x000000076e000000)
  object space 140288K, 10% used [0x00000006ca000000,0x00000006caede8f8,0x00000006d2900000)
 Metaspace       used 47037K, capacity 49860K, committed 50048K, reserved 1093632K
  class space    used 6257K, capacity 6744K, committed 6784K, reserved 1048576K
GC Heap History (10 events):
Event: 2.368 GC heap before
{Heap before GC invocations=4 (full 1):
 PSYoungGen      total 73728K, used 63488K [0x000000076e000000, 0x0000000777000000, 0x00000007c0000000)
  eden space 63488K, 100% used [0x000000076e000000,0x0000000771e00000,0x0000000771e00000)
  from space 10240K, 0% used [0x0000000772800000,0x0000000772800000,0x0000000773200000)
  to   space 10240K, 0% used [0x0000000771e00000,0x0000000771e00000,0x0000000772800000)
 ParOldGen       total 94720K, used 9635K [0x00000006ca000000, 0x00000006cfc80000, 0x000000076e000000)
  object space 94720K, 10% used [0x00000006ca000000,0x00000006ca968cf8,0x00000006cfc80000)
 Metaspace       used 23748K, capacity 24770K, committed 25088K, reserved 1071104K
  class space    used 3013K, capacity 3231K, committed 3328K, reserved 1048576K
Event: 2.372 GC heap after
Heap after GC invocations=4 (full 1):
 PSYoungGen      total 73728K, used 7868K [0x000000076e000000, 0x0000000775800000, 0x00000007c0000000)
  eden space 63488K, 0% used [0x000000076e000000,0x000000076e000000,0x0000000771e00000)
  from space 10240K, 76% used [0x0000000771e00000,0x00000007725af340,0x0000000772800000)
  to   space 10240K, 0% used [0x0000000774e00000,0x0000000774e00000,0x0000000775800000)
 ParOldGen       total 94720K, used 9643K [0x00000006ca000000, 0x00000006cfc80000, 0x000000076e000000)
  object space 94720K, 10% used [0x00000006ca000000,0x00000006ca96acf8,0x00000006cfc80000)
 Metaspace       used 23748K, capacity 24770K, committed 25088K, reserved 1071104K
  class space    used 3013K, capacity 3231K, committed 3328K, reserved 1048576K
}
Event: 3.057 GC heap before
{Heap before GC invocations=5 (full 1):
 PSYoungGen      total 73728K, used 71356K [0x000000076e000000, 0x0000000775800000, 0x00000007c0000000)
  eden space 63488K, 100% used [0x000000076e000000,0x0000000771e00000,0x0000000771e00000)
  from space 10240K, 76% used [0x0000000771e00000,0x00000007725af340,0x0000000772800000)
  to   space 10240K, 0% used [0x0000000774e00000,0x0000000774e00000,0x0000000775800000)
 ParOldGen       total 94720K, used 9643K [0x00000006ca000000, 0x00000006cfc80000, 0x000000076e000000)
  object space 94720K, 10% used [0x00000006ca000000,0x00000006ca96acf8,0x00000006cfc80000)
 Metaspace       used 28532K, capacity 29962K, committed 30080K, reserved 1075200K
  class space    used 3648K, capacity 3929K, committed 3968K, reserved 1048576K
Event: 3.063 GC heap after
Heap after GC invocations=5 (full 1):
 PSYoungGen      total 109568K, used 9649K [0x000000076e000000, 0x0000000775780000, 0x00000007c0000000)
  eden space 99840K, 0% used [0x000000076e000000,0x000000076e000000,0x0000000774180000)
  from space 9728K, 99% used [0x0000000774e00000,0x000000077576c678,0x0000000775780000)
  to   space 10240K, 0% used [0x0000000774380000,0x0000000774380000,0x0000000774d80000)
 ParOldGen       total 94720K, used 9651K [0x00000006ca000000, 0x00000006cfc80000, 0x000000076e000000)
  object space 94720K, 10% used [0x00000006ca000000,0x00000006ca96ccf8,0x00000006cfc80000)
 Metaspace       used 28532K, capacity 29962K, committed 30080K, reserved 1075200K
  class space    used 3648K, capacity 3929K, committed 3968K, reserved 1048576K
}
Event: 4.113 GC heap before
{Heap before GC invocations=6 (full 1):
 PSYoungGen      total 109568K, used 64860K [0x000000076e000000, 0x0000000775780000, 0x00000007c0000000)
  eden space 99840K, 55% used [0x000000076e000000,0x00000007715eaa30,0x0000000774180000)
  from space 9728K, 99% used [0x0000000774e00000,0x000000077576c678,0x0000000775780000)
  to   space 10240K, 0% used [0x0000000774380000,0x0000000774380000,0x0000000774d80000)
 ParOldGen       total 94720K, used 9651K [0x00000006ca000000, 0x00000006cfc80000, 0x000000076e000000)
  object space 94720K, 10% used [0x00000006ca000000,0x00000006ca96ccf8,0x00000006cfc80000)
 Metaspace       used 33308K, capacity 35272K, committed 35416K, reserved 1079296K
  class space    used 4390K, capacity 4750K, committed 4864K, reserved 1048576K
Event: 4.120 GC heap after
Heap after GC invocations=6 (full 1):
 PSYoungGen      total 112128K, used 10216K [0x000000076e000000, 0x0000000778b80000, 0x00000007c0000000)
  eden space 101888K, 0% used [0x000000076e000000,0x000000076e000000,0x0000000774380000)
  from space 10240K, 99% used [0x0000000774380000,0x0000000774d7a018,0x0000000774d80000)
  to   space 11776K, 0% used [0x0000000778000000,0x0000000778000000,0x0000000778b80000)
 ParOldGen       total 94720K, used 10065K [0x00000006ca000000, 0x00000006cfc80000, 0x000000076e000000)
  object space 94720K, 10% used [0x00000006ca000000,0x00000006ca9d4790,0x00000006cfc80000)
 Metaspace       used 33308K, capacity 35272K, committed 35416K, reserved 1079296K
  class space    used 4390K, capacity 4750K, committed 4864K, reserved 1048576K
}
Event: 4.120 GC heap before
{Heap before GC invocations=7 (full 2):
 PSYoungGen      total 112128K, used 10216K [0x000000076e000000, 0x0000000778b80000, 0x00000007c0000000)
  eden space 101888K, 0% used [0x000000076e000000,0x000000076e000000,0x0000000774380000)
  from space 10240K, 99% used [0x0000000774380000,0x0000000774d7a018,0x0000000774d80000)
  to   space 11776K, 0% used [0x0000000778000000,0x0000000778000000,0x0000000778b80000)
 ParOldGen       total 94720K, used 10065K [0x00000006ca000000, 0x00000006cfc80000, 0x000000076e000000)
  object space 94720K, 10% used [0x00000006ca000000,0x00000006ca9d4790,0x00000006cfc80000)
 Metaspace       used 33308K, capacity 35272K, committed 35416K, reserved 1079296K
  class space    used 4390K, capacity 4750K, committed 4864K, reserved 1048576K
Event: 4.149 GC heap after
Heap after GC invocations=7 (full 2):
 PSYoungGen      total 112128K, used 0K [0x000000076e000000, 0x0000000778b80000, 0x00000007c0000000)
  eden space 101888K, 0% used [0x000000076e000000,0x000000076e000000,0x0000000774380000)
  from space 10240K, 0% used [0x0000000774380000,0x0000000774380000,0x0000000774d80000)
  to   space 11776K, 0% used [0x0000000778000000,0x0000000778000000,0x0000000778b80000)
 ParOldGen       total 140288K, used 15218K [0x00000006ca000000, 0x00000006d2900000, 0x000000076e000000)
  object space 140288K, 10% used [0x00000006ca000000,0x00000006caedc8f8,0x00000006d2900000)
 Metaspace       used 33308K, capacity 35272K, committed 35416K, reserved 1079296K
  class space    used 4390K, capacity 4750K, committed 4864K, reserved 1048576K
}
Event: 5.190 GC heap before
{Heap before GC invocations=8 (full 2):
 PSYoungGen      total 112128K, used 101888K [0x000000076e000000, 0x0000000778b80000, 0x00000007c0000000)
  eden space 101888K, 100% used [0x000000076e000000,0x0000000774380000,0x0000000774380000)
  from space 10240K, 0% used [0x0000000774380000,0x0000000774380000,0x0000000774d80000)
  to   space 11776K, 0% used [0x0000000778000000,0x0000000778000000,0x0000000778b80000)
 ParOldGen       total 140288K, used 15218K [0x00000006ca000000, 0x00000006d2900000, 0x000000076e000000)
  object space 140288K, 10% used [0x00000006ca000000,0x00000006caedc8f8,0x00000006d2900000)
 Metaspace       used 40943K, capacity 43372K, committed 43520K, reserved 1087488K
  class space    used 5422K, capacity 5860K, committed 5888K, reserved 1048576K
Event: 5.197 GC heap after
Heap after GC invocations=8 (full 2):
 PSYoungGen      total 163840K, used 9261K [0x000000076e000000, 0x0000000778b00000, 0x00000007c0000000)
  eden space 152576K, 0% used [0x000000076e000000,0x000000076e000000,0x0000000777500000)
  from space 11264K, 82% used [0x0000000778000000,0x000000077890b4c0,0x0000000778b00000)
  to   space 11264K, 0% used [0x0000000777500000,0x0000000777500000,0x0000000778000000)
 ParOldGen       total 140288K, used 15226K [0x00000006ca000000, 0x00000006d2900000, 0x000000076e000000)
  object space 140288K, 10% used [0x00000006ca000000,0x00000006caede8f8,0x00000006d2900000)
 Metaspace       used 40943K, capacity 43372K, committed 43520K, reserved 1087488K
  class space    used 5422K, capacity 5860K, committed 5888K, reserved 1048576K
}

